<?xml version="1.0" encoding="UTF-8"?>
<testng-results skipped="0" failed="0" total="4" passed="4">
  <reporter-output>
  </reporter-output>
  <suite name="webapp.runner.launch.TomcatBaseDirResolutionTest" duration-ms="25" started-at="2015-05-01T14:05:04Z" finished-at="2015-05-01T14:05:04Z">
    <groups>
    </groups>
    <test name="Command line test" duration-ms="25" started-at="2015-05-01T14:05:04Z" finished-at="2015-05-01T14:05:04Z">
      <class name="webapp.runner.launch.TomcatBaseDirResolutionTest">
        <test-method status="PASS" signature="clean()" name="clean" is-config="true" duration-ms="7" started-at="2015-05-01T14:05:04Z" finished-at="2015-05-01T14:05:04Z">
        </test-method>
        <test-method status="PASS" signature="testBaseDirAlreadyExists()" name="testBaseDirAlreadyExists" duration-ms="5" started-at="2015-05-01T14:05:04Z" finished-at="2015-05-01T14:05:04Z">
        </test-method>
        <test-method status="PASS" signature="clean()" name="clean" is-config="true" duration-ms="0" started-at="2015-05-01T14:05:04Z" finished-at="2015-05-01T14:05:04Z">
        </test-method>
        <test-method status="PASS" signature="testBaseDirAlreadyExistsAsFile()" name="testBaseDirAlreadyExistsAsFile" duration-ms="1" started-at="2015-05-01T14:05:04Z" finished-at="2015-05-01T14:05:04Z">
        </test-method>
        <test-method status="PASS" signature="testBaseDirNotExists()" name="testBaseDirNotExists" duration-ms="1" started-at="2015-05-01T14:05:04Z" finished-at="2015-05-01T14:05:04Z">
        </test-method>
        <test-method status="PASS" signature="clean()" name="clean" is-config="true" duration-ms="0" started-at="2015-05-01T14:05:04Z" finished-at="2015-05-01T14:05:04Z">
        </test-method>
        <test-method status="PASS" signature="clean()" name="clean" is-config="true" duration-ms="0" started-at="2015-05-01T14:05:04Z" finished-at="2015-05-01T14:05:04Z">
        </test-method>
        <test-method status="PASS" signature="testSuggestBaseDir()" name="testSuggestBaseDir" duration-ms="1" started-at="2015-05-01T14:05:04Z" finished-at="2015-05-01T14:05:04Z">
        </test-method>
        <test-method status="PASS" signature="clean()" name="clean" is-config="true" duration-ms="0" started-at="2015-05-01T14:05:04Z" finished-at="2015-05-01T14:05:04Z">
        </test-method>
      </class>
    </test>
  </suite>
</testng-results>
